<?xml version="1.0" encoding="UTF-8"?>
<!-- Generated by org.testng.reporters.JUnitReportReporter -->
<testsuite skipped="0" hostname="Swamy-Lucy" name="autoscriptstestNG.AllMethodTest" tests="1" failures="0" timestamp="08 Dec 2019 21:13:14 GMT" time="0.008" errors="0">
  <testcase name="f" time="0.008" classname="autoscriptstestNG.AllMethodTest"/>
</testsuite> <!-- autoscriptstestNG.AllMethodTest -->
